1721245810966:help
1721245814213:open
1721245849543:help
1721245852549:open
1721246136205:help
1721246152544:hello
1721246155137:open
1721246624467:help
1721246626675:session
1721247409083:help
1721247411463:session
1721247706129:sessiosession
1721247709334:session
1721248638352:open
1721249541276:session
1721249611699:open
1721249614729:session
1721250514366:break
1721250998510:open
1721251010713:session
1721251025908:help
1721251034638:session
1721251042224:break
1721251635390:breakcheck
1721251703437:session
1721251762501:breakcheck
1721251899073:help
1721251903153:break
1721252589719:adv 180
1721253187355:breakcheck
1721253202537:adv 180
1721253208940:adv 5000
1721253264896:break
1721253272920:openbreak
1721253340159:break
1721253343398:openbreak
1721253345896:breakcheck
1721253920380:break
1721253950433:session
1721253954738:break
1721254007672:help
1721254018059:session
1721255469149:break
1721255583526:session
1721255586135:break
1721255622203:openbreak
1721255623993:session
1721255648581:breakcheck
1721255815938:session
1721255819682:break
1721255824843:openbreak
1721255827148:session
1721256064179:open
1721256066937:close
1721256165103:open
1721256166549:close
1721256187367:breakcheck
1721256237080:close
1721256329023:breka
1721256331629:break
1721256336107:open
1721256345388:close
1721256351112:open
1721256352250:close
1721256359321:session
1721256362052:open
1721256364757:session
1721256442678:close
1721256444968:open
1721256447706:close
1721256671476:session
1721256746619:close
1721256988194:open
1721256989373:close
1721257037975:open
1721257076003:close
1721257156762:open
1721257194403:close
1721257206299:open
1721257211711:close
1721262434903:session
1721262438433:close
1721262444145:open
1721262445235:close
1721262456460:breakcheck
1721262488508:open
1721262496642:close
1721262498283:open
1721262631002:session
1721262635518:breakcheck
1721262660912:adv 180
1721264626187:open
1721265017230:close
1721265645697:breakcheck
1721265885360:open
1721265886331:break
1721266007005:open
1721266007979:break
1721266061796:breka
1721266064351:break
1721266144908:breka
1721266147098:break
1721266310523:breakcheck
1721266318978:open
1721266320916:breakcheck
1721266323670:break
1721266356674:breakcheck
1721266727097:break 50
1721267125726:close
1721267135786:session
1721267137032:close
1721267140075:open
1721267143784:break
1721267147822:break 30
1721267160773:close
1721267172563:adv 150
1721267175753:adv 180
1721267580073:break 5
1721267744900:break 3
1721267750077:open break
1721267814432:break 30
1721267817062:openbreak
1721267830944:break 1
1721267976323:openbreak
1721268040224:break 1
1721268192921:openbreak
1721270043786:close
1721270210512:open
1721272872870:close
1721272879670:openbreak
1721272898662:open
1721272900848:close
1721272907133:breakcheck
1721273607498:openbreak
1721273960219:openadv
1721274276707:break 30
1721274286829:breakcheck
1721274300622:session
1721274338786:breakcheck
1721331326952:openadv
1721332923853:start
1721333003684:close
1721333007183:open
1721333009237:close
1721333389678:start
